2025-04-09 13:20:00,306 ERROR: Ошибка '>=' not supported between instances of 'str' and 'datetime.datetime'
2025-04-09 13:22:34,259 INFO: Функция выполнена
2025-04-09 13:22:45,419 INFO: Функция выполнена
2025-04-09 13:23:04,441 INFO: Функция выполнена
2025-04-09 13:23:41,726 INFO: Функция выполнена
2025-04-09 13:23:54,735 INFO: Функция выполнена
2025-04-09 13:24:08,439 INFO: Функция выполнена
2025-04-09 13:24:17,065 INFO: Функция выполнена
2025-04-09 13:24:52,220 INFO: Функция выполнена
2025-04-09 13:25:08,494 ERROR: Ошибка cannot convert the series to <class 'int'>
2025-04-09 13:25:20,771 INFO: Функция выполнена
2025-04-09 13:25:33,570 INFO: Функция выполнена
2025-04-09 13:25:52,336 INFO: Функция выполнена
2025-04-09 13:26:57,230 INFO: Функция выполнена
2025-04-09 13:27:09,958 INFO: Функция выполнена
2025-04-09 13:28:03,416 INFO: Функция выполнена
2025-04-09 13:28:10,259 INFO: Функция выполнена
2025-04-09 13:36:34,109 ERROR: Ошибка time data '2021.12.31' does not match format '%d.%m.%Y %H:%M:%S'
2025-04-09 13:37:18,726 ERROR: Ошибка time data '2021.12.31 12:15:42' does not match format '%d.%m.%Y %H:%M:%S'
2025-04-09 13:37:38,771 ERROR: Ошибка time data "31.12.2021" doesn't match format "%d.%m.%Y %H:%M:%S", at position 0. You might want to try:
    - passing `format` if your strings have a consistent format;
    - passing `format='ISO8601'` if your strings are all ISO8601 but not necessarily in exactly the same format;
    - passing `format='mixed'`, and the format will be inferred for each element individually. You might want to use `dayfirst` alongside this.
2025-04-09 13:39:29,868 ERROR: Ошибка time data '31.21.2021 5:13:47' does not match format '%d.%m.%Y %H:%M:%S'
2025-04-09 13:40:12,933 ERROR: Ошибка day is out of range for month
2025-04-09 13:40:19,674 ERROR: Ошибка time data "31.12.2021" doesn't match format "%d.%m.%Y %H:%M:%S", at position 0. You might want to try:
    - passing `format` if your strings have a consistent format;
    - passing `format='ISO8601'` if your strings are all ISO8601 but not necessarily in exactly the same format;
    - passing `format='mixed'`, and the format will be inferred for each element individually. You might want to use `dayfirst` alongside this.
2025-04-09 13:41:00,660 ERROR: Ошибка 'str' object has no attribute 'month'
2025-04-09 13:41:44,695 ERROR: Ошибка 'str' object has no attribute 'month'
2025-04-09 13:42:47,836 ERROR: Ошибка name 'end_date' is not defined
2025-04-09 13:42:54,472 INFO: Функция выполнена
2025-04-09 13:43:04,260 INFO: Функция выполнена
2025-04-09 13:43:12,437 INFO: Функция выполнена
2025-04-09 13:43:18,152 INFO: Функция выполнена
2025-04-09 13:43:21,225 INFO: Функция выполнена
2025-04-09 13:43:30,244 INFO: Функция выполнена
2025-04-09 13:57:28,994 INFO: Функция выполнена
2025-04-09 13:57:38,256 INFO: Функция выполнена
2025-04-09 13:58:01,126 INFO: Функция выполнена
2025-04-09 13:58:33,025 ERROR: Ошибка time data '2019.04.25 13:21:46' does not match format '%d.%m.%Y %H:%M:%S'
2025-04-09 13:58:43,801 INFO: Функция выполнена
2025-04-09 13:59:15,637 INFO: Функция выполнена
2025-04-09 13:59:32,682 INFO: Функция выполнена
2025-04-09 13:59:44,647 ERROR: Ошибка 'str' object has no attribute 'weekday'
2025-04-09 14:02:33,402 ERROR: Ошибка 'Series' object has no attribute 'weekday'
2025-04-09 14:04:34,082 ERROR: Ошибка 'Series' object has no attribute 'weekday'
2025-04-09 14:24:35,864 ERROR: Ошибка 'Series' object has no attribute 'weekday'
2025-04-09 14:26:44,130 ERROR: Ошибка 'Series' object has no attribute 'weekday'
2025-04-09 14:28:40,896 ERROR: Ошибка 'Series' object has no attribute 'weekday'
2025-04-09 14:29:15,223 ERROR: Ошибка 'Series' object has no attribute 'weekday'
2025-04-09 14:30:23,648 ERROR: Ошибка 'Series' object has no attribute 'weekday'
2025-04-09 14:30:38,328 ERROR: Ошибка 'Series' object has no attribute 'weekday'
2025-04-09 14:30:46,449 INFO: Функция выполнена
2025-04-09 14:31:01,647 ERROR: Ошибка 'weekday'
2025-04-09 14:32:00,712 INFO: Функция выполнена
2025-04-09 14:32:44,256 INFO: Функция выполнена
2025-04-09 14:32:55,922 ERROR: Ошибка Length mismatch: Expected axis has 2 elements, new values have 1 elements
2025-04-09 14:33:31,450 INFO: Функция выполнена
2025-04-09 14:41:18,947 INFO: Функция начала выполнение
2025-04-09 14:41:18,968 INFO: Функция выполнена успешно
2025-04-09 14:41:18,970 INFO: Результат функции записан в файл ../data/report.json
2025-04-09 14:46:45,482 INFO: Функция начала выполнение
2025-04-09 14:46:45,504 INFO: Функция выполнена успешно
2025-04-09 14:46:45,505 ERROR: Ошибка: dump() missing 1 required positional argument: 'fp'
2025-04-09 14:47:28,582 INFO: Функция начала выполнение
2025-04-09 14:47:28,603 INFO: Функция выполнена успешно
2025-04-09 14:47:28,604 INFO: Результат функции записан в файл ../data/report.json
2025-04-09 14:47:56,509 INFO: Функция начала выполнение
2025-04-09 14:47:56,528 INFO: Функция выполнена успешно
2025-04-09 14:47:56,529 INFO: Результат функции записан в файл ../data/report.json
2025-04-09 14:48:29,050 INFO: Функция начала выполнение
2025-04-09 14:48:29,073 INFO: Функция выполнена успешно
2025-04-09 14:48:29,075 INFO: Результат функции записан в файл ../data/report.json
2025-04-09 15:24:26,832 INFO: Функция начала выполнение
2025-04-09 15:24:26,864 INFO: Функция выполнена успешно
2025-04-09 15:24:26,864 ERROR: Ошибка: [Errno 2] No such file or directory: '../data/report.json'
2025-04-09 15:24:26,973 INFO: Функция начала выполнение
2025-04-09 15:24:26,973 WARNING: Результат функции пустой (None).
2025-04-09 15:24:26,975 INFO: Функция начала выполнение
2025-04-09 15:24:26,975 WARNING: Результат функции пустой (None).
2025-04-09 15:24:47,677 INFO: Функция начала выполнение
2025-04-09 15:24:47,708 INFO: Функция выполнена успешно
2025-04-09 15:24:47,708 ERROR: Ошибка: [Errno 2] No such file or directory: '../data/report.json'
2025-04-09 15:24:47,815 INFO: Функция начала выполнение
2025-04-09 15:24:47,815 WARNING: Результат функции пустой (None).
2025-04-09 15:24:47,817 INFO: Функция начала выполнение
2025-04-09 15:24:47,817 WARNING: Результат функции пустой (None).
2025-04-09 15:27:06,268 INFO: Функция начала выполнение
2025-04-09 15:27:06,299 INFO: Функция выполнена успешно
2025-04-09 15:27:06,299 ERROR: Ошибка: [Errno 2] No such file or directory: '../data/report.json'
2025-04-09 15:27:06,410 INFO: Функция начала выполнение
2025-04-09 15:27:06,410 WARNING: Результат функции пустой (None).
2025-04-09 15:27:06,411 INFO: Функция начала выполнение
2025-04-09 15:27:06,412 WARNING: Результат функции пустой (None).
2025-04-09 15:27:41,633 INFO: Функция начала выполнение
2025-04-09 15:27:41,661 INFO: Функция выполнена успешно
2025-04-09 15:27:41,661 ERROR: Ошибка: [Errno 2] No such file or directory: '../data/report.json'
2025-04-09 15:27:41,759 INFO: Функция начала выполнение
2025-04-09 15:27:41,760 WARNING: Результат функции пустой (None).
2025-04-09 15:27:41,761 INFO: Функция начала выполнение
2025-04-09 15:27:41,761 WARNING: Результат функции пустой (None).
2025-04-09 15:29:16,944 INFO: Функция начала выполнение
2025-04-09 15:29:16,978 INFO: Функция выполнена успешно
2025-04-09 15:29:16,979 ERROR: Ошибка: [Errno 2] No such file or directory: '../data/report.json'
2025-04-09 15:29:17,086 INFO: Функция начала выполнение
2025-04-09 15:29:17,086 WARNING: Результат функции пустой (None).
2025-04-09 15:29:17,087 INFO: Функция начала выполнение
2025-04-09 15:29:17,087 WARNING: Результат функции пустой (None).
2025-04-09 15:29:35,013 INFO: Функция начала выполнение
2025-04-09 15:29:35,042 INFO: Функция выполнена успешно
2025-04-09 15:29:35,042 ERROR: Ошибка: [Errno 2] No such file or directory: '../data/report.json'
2025-04-09 15:29:35,129 INFO: Функция начала выполнение
2025-04-09 15:29:35,130 WARNING: Результат функции пустой (None).
2025-04-09 15:29:35,131 INFO: Функция начала выполнение
2025-04-09 15:29:35,131 WARNING: Результат функции пустой (None).
2025-04-09 15:30:20,833 INFO: Функция начала выполнение
2025-04-09 15:30:20,862 INFO: Функция выполнена успешно
2025-04-09 15:30:20,862 ERROR: Ошибка: [Errno 2] No such file or directory: '../data/report.json'
2025-04-09 15:30:20,968 INFO: Функция начала выполнение
2025-04-09 15:30:20,968 WARNING: Результат функции пустой (None).
2025-04-09 15:30:20,969 INFO: Функция начала выполнение
2025-04-09 15:30:20,969 WARNING: Результат функции пустой (None).
2025-04-09 15:30:42,136 INFO: Функция начала выполнение
2025-04-09 15:30:42,170 INFO: Функция выполнена успешно
2025-04-09 15:30:42,170 ERROR: Ошибка: [Errno 2] No such file or directory: '../data/report.json'
2025-04-09 15:30:42,273 INFO: Функция начала выполнение
2025-04-09 15:30:42,273 WARNING: Результат функции пустой (None).
2025-04-09 15:30:42,275 INFO: Функция начала выполнение
2025-04-09 15:30:42,275 WARNING: Результат функции пустой (None).
2025-04-09 15:30:47,863 INFO: Функция начала выполнение
2025-04-09 15:30:47,893 INFO: Функция выполнена успешно
2025-04-09 15:30:47,893 ERROR: Ошибка: [Errno 2] No such file or directory: '../data/report.json'
2025-04-09 15:30:48,000 INFO: Функция начала выполнение
2025-04-09 15:30:48,001 WARNING: Результат функции пустой (None).
2025-04-09 15:30:48,002 INFO: Функция начала выполнение
2025-04-09 15:30:48,002 WARNING: Результат функции пустой (None).
2025-04-09 15:32:59,104 INFO: Функция начала выполнение
2025-04-09 15:32:59,131 INFO: Функция выполнена успешно
2025-04-09 15:32:59,132 ERROR: Ошибка: [Errno 2] No such file or directory: '../data/report.json'
2025-04-09 15:32:59,141 INFO: Функция начала выполнение
2025-04-09 15:32:59,141 WARNING: Результат функции пустой (None).
2025-04-09 15:32:59,143 INFO: Функция начала выполнение
2025-04-09 15:32:59,143 WARNING: Результат функции пустой (None).
2025-04-09 15:34:40,230 INFO: Функция начала выполнение
2025-04-09 15:34:40,259 INFO: Функция выполнена успешно
2025-04-09 15:34:40,260 ERROR: Ошибка: [Errno 2] No such file or directory: '../data/report.json'
2025-04-09 15:35:16,398 INFO: Функция начала выполнение
2025-04-09 15:35:16,427 INFO: Функция выполнена успешно
2025-04-09 15:35:16,427 ERROR: Ошибка: [Errno 2] No such file or directory: '../data/report.json'
2025-04-09 15:35:16,842 INFO: Функция начала выполнение
2025-04-09 15:35:16,842 WARNING: Результат функции пустой (None).
2025-04-09 15:35:16,844 INFO: Функция начала выполнение
2025-04-09 15:35:16,845 WARNING: Результат функции пустой (None).
2025-04-09 15:36:12,300 INFO: Функция начала выполнение
2025-04-09 15:36:12,332 INFO: Функция выполнена успешно
2025-04-09 15:36:12,333 ERROR: Ошибка: [Errno 2] No such file or directory: '../data/report.json'
2025-04-09 15:36:12,747 INFO: Функция начала выполнение
2025-04-09 15:36:12,747 WARNING: Результат функции пустой (None).
2025-04-09 15:36:12,749 INFO: Функция начала выполнение
2025-04-09 15:36:12,749 WARNING: Результат функции пустой (None).
2025-04-09 15:36:27,185 INFO: Функция начала выполнение
2025-04-09 15:36:27,215 INFO: Функция выполнена успешно
2025-04-09 15:36:27,215 ERROR: Ошибка: [Errno 2] No such file or directory: '../data/report.json'
2025-04-09 15:36:27,622 INFO: Функция начала выполнение
2025-04-09 15:36:27,623 WARNING: Результат функции пустой (None).
2025-04-09 15:36:27,624 INFO: Функция начала выполнение
2025-04-09 15:36:27,625 WARNING: Результат функции пустой (None).
2025-04-09 15:37:11,782 INFO: Функция начала выполнение
2025-04-09 15:37:11,812 INFO: Функция выполнена успешно
2025-04-09 15:37:11,812 ERROR: Ошибка: [Errno 2] No such file or directory: '../data/report.json'
2025-04-09 15:37:12,215 INFO: Функция начала выполнение
2025-04-09 15:37:12,215 WARNING: Результат функции пустой (None).
2025-04-09 15:37:12,217 INFO: Функция начала выполнение
2025-04-09 15:37:12,218 WARNING: Результат функции пустой (None).
2025-04-09 15:38:18,249 INFO: Функция начала выполнение
2025-04-09 15:38:18,279 INFO: Функция выполнена успешно
2025-04-09 15:38:18,279 ERROR: Ошибка: [Errno 2] No such file or directory: '../data/report.json'
2025-04-09 15:38:18,686 INFO: Функция начала выполнение
2025-04-09 15:38:18,686 WARNING: Результат функции пустой (None).
2025-04-09 15:38:18,688 INFO: Функция начала выполнение
2025-04-09 15:38:18,688 WARNING: Результат функции пустой (None).
2025-04-09 15:38:30,292 INFO: Функция начала выполнение
2025-04-09 15:38:30,369 INFO: Функция выполнена успешно
2025-04-09 15:38:30,369 ERROR: Ошибка: [Errno 2] No such file or directory: '../data/report.json'
2025-04-09 15:38:30,837 INFO: Функция начала выполнение
2025-04-09 15:38:30,838 WARNING: Результат функции пустой (None).
2025-04-09 15:38:30,840 INFO: Функция начала выполнение
2025-04-09 15:38:30,840 WARNING: Результат функции пустой (None).
2025-04-09 15:38:58,744 INFO: Функция начала выполнение
2025-04-09 15:38:58,774 INFO: Функция выполнена успешно
2025-04-09 15:38:58,774 ERROR: Ошибка: [Errno 2] No such file or directory: '../data/report.json'
2025-04-09 15:38:59,180 INFO: Функция начала выполнение
2025-04-09 15:38:59,181 WARNING: Результат функции пустой (None).
2025-04-09 15:38:59,183 INFO: Функция начала выполнение
2025-04-09 15:38:59,183 WARNING: Результат функции пустой (None).
2025-04-09 15:40:01,156 INFO: Функция начала выполнение
2025-04-09 15:40:01,186 INFO: Функция выполнена успешно
2025-04-09 15:40:01,186 ERROR: Ошибка: [Errno 2] No such file or directory: '../data/report.json'
2025-04-09 15:40:01,598 INFO: Функция начала выполнение
2025-04-09 15:40:01,598 WARNING: Результат функции пустой (None).
2025-04-09 15:40:01,601 INFO: Функция начала выполнение
2025-04-09 15:40:01,601 WARNING: Результат функции пустой (None).
2025-04-10 09:40:16,569 INFO: Функция начала выполнение
2025-04-10 09:40:16,603 INFO: Функция выполнена успешно
2025-04-10 09:40:16,604 ERROR: Ошибка: [Errno 2] No such file or directory: '../data/report.json'
2025-04-10 09:40:17,470 INFO: Функция начала выполнение
2025-04-10 09:40:17,470 WARNING: Результат функции пустой (None).
2025-04-10 09:40:17,472 INFO: Функция начала выполнение
2025-04-10 09:40:17,472 WARNING: Результат функции пустой (None).
2025-04-10 09:43:10,799 INFO: Функция начала выполнение
2025-04-10 09:43:10,826 INFO: Функция выполнена успешно
2025-04-10 09:43:10,826 ERROR: Ошибка: [Errno 2] No such file or directory: '../data/report.json'
2025-04-10 09:43:11,158 INFO: Функция начала выполнение
2025-04-10 09:43:11,158 WARNING: Результат функции пустой (None).
2025-04-10 09:43:11,160 INFO: Функция начала выполнение
2025-04-10 09:43:11,160 WARNING: Результат функции пустой (None).
2025-04-10 09:43:30,092 INFO: Функция начала выполнение
2025-04-10 09:43:30,119 INFO: Функция выполнена успешно
2025-04-10 09:43:30,119 ERROR: Ошибка: [Errno 2] No such file or directory: '../data/report.json'
2025-04-10 09:43:30,445 INFO: Функция начала выполнение
2025-04-10 09:43:30,445 WARNING: Результат функции пустой (None).
2025-04-10 09:43:30,447 INFO: Функция начала выполнение
2025-04-10 09:43:30,447 WARNING: Результат функции пустой (None).
2025-04-10 09:44:04,457 INFO: Функция начала выполнение
2025-04-10 09:44:04,484 INFO: Функция выполнена успешно
2025-04-10 09:44:04,485 ERROR: Ошибка: [Errno 2] No such file or directory: '../data/report.json'
2025-04-10 09:44:04,812 INFO: Функция начала выполнение
2025-04-10 09:44:04,812 WARNING: Результат функции пустой (None).
2025-04-10 09:44:04,814 INFO: Функция начала выполнение
2025-04-10 09:44:04,814 WARNING: Результат функции пустой (None).
2025-04-10 09:44:46,778 INFO: Функция начала выполнение
2025-04-10 09:44:46,807 INFO: Функция выполнена успешно
2025-04-10 09:44:46,807 ERROR: Ошибка: [Errno 2] No such file or directory: '../data/report.json'
2025-04-10 09:44:47,135 INFO: Функция начала выполнение
2025-04-10 09:44:47,135 WARNING: Результат функции пустой (None).
2025-04-10 09:44:47,137 INFO: Функция начала выполнение
2025-04-10 09:44:47,137 WARNING: Результат функции пустой (None).
2025-04-10 09:45:20,209 INFO: Функция начала выполнение
2025-04-10 09:45:20,237 INFO: Функция выполнена успешно
2025-04-10 09:45:20,237 ERROR: Ошибка: [Errno 2] No such file or directory: '../data/report.json'
2025-04-10 09:45:20,250 INFO: Функция начала выполнение
2025-04-10 09:45:20,250 WARNING: Результат функции пустой (None).
2025-04-10 09:45:20,252 INFO: Функция начала выполнение
2025-04-10 09:45:20,253 WARNING: Результат функции пустой (None).
2025-04-10 09:48:46,666 INFO: Функция начала выполнение
2025-04-10 09:48:46,693 INFO: Функция выполнена успешно
2025-04-10 09:48:46,693 ERROR: Ошибка: [Errno 2] No such file or directory: '../data/report.json'
2025-04-10 09:48:47,050 INFO: Функция начала выполнение
2025-04-10 09:48:47,050 WARNING: Результат функции пустой (None).
2025-04-10 09:48:47,052 INFO: Функция начала выполнение
2025-04-10 09:48:47,052 WARNING: Результат функции пустой (None).
2025-04-10 09:51:36,256 INFO: Функция начала выполнение
2025-04-10 09:51:36,282 INFO: Функция выполнена успешно
2025-04-10 09:51:36,283 ERROR: Ошибка: [Errno 2] No such file or directory: '../data/report.json'
2025-04-10 09:51:36,642 INFO: Функция начала выполнение
2025-04-10 09:51:36,643 WARNING: Результат функции пустой (None).
2025-04-10 09:51:36,645 INFO: Функция начала выполнение
2025-04-10 09:51:36,645 WARNING: Результат функции пустой (None).
